This file contains any messages produced by compilers while
running configure, to aid debugging if configure makes a mistake.

It was created by Pigeonhole configure 0.4.9, which was
generated by GNU Autoconf 2.69.  Invocation command line was

  $ configure --with-dovecot=../ --prefix=/usr --sysconfdir=/etc --libexecdir=${prefix}/lib --mandir=${prefix}/share/man --infodir=${prefix}/share/info --disable-static

## --------- ##
## Platform. ##
## --------- ##

hostname = mail-mastermind-100.own-mail.com
uname -m = x86_64
uname -r = 3.13.0-66-generic
uname -s = Linux
uname -v = #108-Ubuntu SMP Wed Oct 7 15:20:27 UTC 2015

/usr/bin/uname -p = unknown
/bin/uname -X     = unknown

/bin/arch              = unknown
/usr/bin/arch -k       = unknown
/usr/convex/getsysinfo = unknown
/usr/bin/hostinfo      = unknown
/bin/machine           = unknown
/usr/bin/oslevel       = unknown
/bin/universe          = unknown

PATH: /usr/local/sbin
PATH: /usr/local/bin
PATH: /usr/sbin
PATH: /usr/bin
PATH: /sbin
PATH: /bin


## ----------- ##
## Core tests. ##
## ----------- ##

configure:2345: checking for a BSD-compatible install
configure:2413: result: /usr/bin/install -c
configure:2424: checking whether build environment is sane
configure:2474: result: yes
configure:2615: checking for a thread-safe mkdir -p
configure:2654: result: /bin/mkdir -p
configure:2667: checking for gawk
configure:2683: found /usr/bin/gawk
configure:2694: result: gawk
configure:2705: checking whether make sets $(MAKE)
configure:2727: result: yes
configure:2793: checking how to create a ustar tar archive
configure:2806: tar --version
tar (GNU tar) 1.27.1
Copyright (C) 2013 Free Software Foundation, Inc.
License GPLv3+: GNU GPL version 3 or later <http://gnu.org/licenses/gpl.html>.
This is free software: you are free to change and redistribute it.
There is NO WARRANTY, to the extent permitted by law.

Written by John Gilmore and Jay Fenlason.
configure:2809: $? = 0
configure:2849: tardir=conftest.dir && eval tar --format=ustar -chf - "$tardir" >conftest.tar
configure:2852: $? = 0
configure:2856: tar -xf - <conftest.tar
configure:2859: $? = 0
configure:2872: result: gnutar
configure:2881: checking whether to enable maintainer-specific portions of Makefiles
configure:2890: result: no
configure:2952: checking for gcc
configure:2968: found /usr/bin/gcc
configure:2979: result: gcc
configure:3208: checking for C compiler version
configure:3217: gcc --version >&5
gcc-4.8.real (Ubuntu 4.8.4-2ubuntu1~14.04) 4.8.4
Copyright (C) 2013 Free Software Foundation, Inc.
This is free software; see the source for copying conditions.  There is NO
warranty; not even for MERCHANTABILITY or FITNESS FOR A PARTICULAR PURPOSE.

configure:3228: $? = 0
configure:3217: gcc -v >&5
Using built-in specs.
COLLECT_GCC=/usr/bin/gcc-4.8.real
COLLECT_LTO_WRAPPER=/usr/lib/gcc/x86_64-linux-gnu/4.8/lto-wrapper
Target: x86_64-linux-gnu
Configured with: ../src/configure -v --with-pkgversion='Ubuntu 4.8.4-2ubuntu1~14.04' --with-bugurl=file:///usr/share/doc/gcc-4.8/README.Bugs --enable-languages=c,c++,java,go,d,fortran,objc,obj-c++ --prefix=/usr --program-suffix=-4.8 --enable-shared --enable-linker-build-id --libexecdir=/usr/lib --without-included-gettext --enable-threads=posix --with-gxx-include-dir=/usr/include/c++/4.8 --libdir=/usr/lib --enable-nls --with-sysroot=/ --enable-clocale=gnu --enable-libstdcxx-debug --enable-libstdcxx-time=yes --enable-gnu-unique-object --disable-libmudflap --enable-plugin --with-system-zlib --disable-browser-plugin --enable-java-awt=gtk --enable-gtk-cairo --with-java-home=/usr/lib/jvm/java-1.5.0-gcj-4.8-amd64/jre --enable-java-home --with-jvm-root-dir=/usr/lib/jvm/java-1.5.0-gcj-4.8-amd64 --with-jvm-jar-dir=/usr/lib/jvm-exports/java-1.5.0-gcj-4.8-amd64 --with-arch-directory=amd64 --with-ecj-jar=/usr/share/java/eclipse-ecj.jar --enable-objc-gc --enable-multiarch --disable-werror --with-arch-32=i686 --with-abi=m64 --with-multilib-list=m32,m64,mx32 --with-tune=generic --enable-checking=release --build=x86_64-linux-gnu --host=x86_64-linux-gnu --target=x86_64-linux-gnu
Thread model: posix
gcc version 4.8.4 (Ubuntu 4.8.4-2ubuntu1~14.04) 
configure:3228: $? = 0
configure:3217: gcc -V >&5
gcc-4.8.real: error: unrecognized command line option '-V'
gcc-4.8.real: fatal error: no input files
compilation terminated.
configure:3228: $? = 4
configure:3217: gcc -qversion >&5
gcc-4.8.real: error: unrecognized command line option '-qversion'
gcc-4.8.real: fatal error: no input files
compilation terminated.
configure:3228: $? = 4
configure:3248: checking whether the C compiler works
configure:3270: gcc -g -O2 -fPIE -fstack-protector --param=ssp-buffer-size=4 -Wformat -Werror=format-security -D_FORTIFY_SOURCE=2 -Wl,-Bsymbolic-functions -fPIE -pie -Wl,-z,relro -Wl,-z,now conftest.c  >&5
configure:3274: $? = 0
configure:3322: result: yes
configure:3325: checking for C compiler default output file name
configure:3327: result: a.out
configure:3333: checking for suffix of executables
configure:3340: gcc -o conftest -g -O2 -fPIE -fstack-protector --param=ssp-buffer-size=4 -Wformat -Werror=format-security -D_FORTIFY_SOURCE=2 -Wl,-Bsymbolic-functions -fPIE -pie -Wl,-z,relro -Wl,-z,now conftest.c  >&5
configure:3344: $? = 0
configure:3366: result: 
configure:3388: checking whether we are cross compiling
configure:3396: gcc -o conftest -g -O2 -fPIE -fstack-protector --param=ssp-buffer-size=4 -Wformat -Werror=format-security -D_FORTIFY_SOURCE=2 -Wl,-Bsymbolic-functions -fPIE -pie -Wl,-z,relro -Wl,-z,now conftest.c  >&5
configure:3400: $? = 0
configure:3407: ./conftest
configure:3411: $? = 0
configure:3426: result: no
configure:3431: checking for suffix of object files
configure:3453: gcc -c -g -O2 -fPIE -fstack-protector --param=ssp-buffer-size=4 -Wformat -Werror=format-security -D_FORTIFY_SOURCE=2 conftest.c >&5
configure:3457: $? = 0
configure:3478: result: o
configure:3482: checking whether we are using the GNU C compiler
configure:3501: gcc -c -g -O2 -fPIE -fstack-protector --param=ssp-buffer-size=4 -Wformat -Werror=format-security -D_FORTIFY_SOURCE=2 conftest.c >&5
configure:3501: $? = 0
configure:3510: result: yes
configure:3519: checking whether gcc accepts -g
configure:3539: gcc -c -g -D_FORTIFY_SOURCE=2 conftest.c >&5
configure:3539: $? = 0
configure:3580: result: yes
configure:3597: checking for gcc option to accept ISO C89
configure:3660: gcc  -c -g -O2 -fPIE -fstack-protector --param=ssp-buffer-size=4 -Wformat -Werror=format-security -D_FORTIFY_SOURCE=2 conftest.c >&5
configure:3660: $? = 0
configure:3673: result: none needed
configure:3704: checking for style of include used by make
configure:3732: result: GNU
configure:3758: checking dependency style of gcc
configure:3869: result: gcc3
configure:3889: checking how to run the C preprocessor
configure:3920: gcc -E -D_FORTIFY_SOURCE=2 conftest.c
configure:3920: $? = 0
configure:3934: gcc -E -D_FORTIFY_SOURCE=2 conftest.c
conftest.c:12:28: fatal error: ac_nonexistent.h: No such file or directory
 #include <ac_nonexistent.h>
                            ^
compilation terminated.
configure:3934: $? = 1
configure: failed program was:
| /* confdefs.h */
| #define PACKAGE_NAME "Pigeonhole"
| #define PACKAGE_TARNAME "dovecot-2.2-pigeonhole"
| #define PACKAGE_VERSION "0.4.9"
| #define PACKAGE_STRING "Pigeonhole 0.4.9"
| #define PACKAGE_BUGREPORT "dovecot@dovecot.org"
| #define PACKAGE_URL ""
| #define PIGEONHOLE_ABI_VERSION "0.4.ABIv1(0.4.9)"
| #define PIGEONHOLE_NAME "Pigeonhole"
| #define PIGEONHOLE_VERSION "0.4.9"
| /* end confdefs.h.  */
| #include <ac_nonexistent.h>
configure:3959: result: gcc -E
configure:3979: gcc -E -D_FORTIFY_SOURCE=2 conftest.c
configure:3979: $? = 0
configure:3993: gcc -E -D_FORTIFY_SOURCE=2 conftest.c
conftest.c:12:28: fatal error: ac_nonexistent.h: No such file or directory
 #include <ac_nonexistent.h>
                            ^
compilation terminated.
configure:3993: $? = 1
configure: failed program was:
| /* confdefs.h */
| #define PACKAGE_NAME "Pigeonhole"
| #define PACKAGE_TARNAME "dovecot-2.2-pigeonhole"
| #define PACKAGE_VERSION "0.4.9"
| #define PACKAGE_STRING "Pigeonhole 0.4.9"
| #define PACKAGE_BUGREPORT "dovecot@dovecot.org"
| #define PACKAGE_URL ""
| #define PIGEONHOLE_ABI_VERSION "0.4.ABIv1(0.4.9)"
| #define PIGEONHOLE_NAME "Pigeonhole"
| #define PIGEONHOLE_VERSION "0.4.9"
| /* end confdefs.h.  */
| #include <ac_nonexistent.h>
configure:4050: checking build system type
configure:4064: result: x86_64-unknown-linux-gnu
configure:4084: checking host system type
configure:4097: result: x86_64-unknown-linux-gnu
configure:4138: checking how to print strings
configure:4165: result: printf
configure:4186: checking for a sed that does not truncate output
configure:4250: result: /bin/sed
configure:4268: checking for grep that handles long lines and -e
configure:4326: result: /bin/grep
configure:4331: checking for egrep
configure:4393: result: /bin/grep -E
configure:4398: checking for fgrep
configure:4460: result: /bin/grep -F
configure:4495: checking for ld used by gcc
configure:4562: result: /usr/bin/ld
configure:4569: checking if the linker (/usr/bin/ld) is GNU ld
configure:4584: result: yes
configure:4596: checking for BSD- or MS-compatible name lister (nm)
configure:4645: result: /usr/bin/nm -B
configure:4775: checking the name lister (/usr/bin/nm -B) interface
configure:4782: gcc -c -g -O2 -fPIE -fstack-protector --param=ssp-buffer-size=4 -Wformat -Werror=format-security -D_FORTIFY_SOURCE=2 conftest.c >&5
configure:4785: /usr/bin/nm -B "conftest.o"
configure:4788: output
0000000000000000 B some_variable
configure:4795: result: BSD nm
configure:4798: checking whether ln -s works
configure:4802: result: yes
configure:4810: checking the maximum length of command line arguments
configure:4940: result: 3458764513820540925
configure:4957: checking whether the shell understands some XSI constructs
configure:4967: result: yes
configure:4971: checking whether the shell understands "+="
configure:4977: result: yes
configure:5012: checking how to convert x86_64-unknown-linux-gnu file names to x86_64-unknown-linux-gnu format
configure:5052: result: func_convert_file_noop
configure:5059: checking how to convert x86_64-unknown-linux-gnu file names to toolchain format
configure:5079: result: func_convert_file_noop
configure:5086: checking for /usr/bin/ld option to reload object files
configure:5093: result: -r
configure:5167: checking for objdump
configure:5183: found /usr/bin/objdump
configure:5194: result: objdump
configure:5226: checking how to recognize dependent libraries
configure:5424: result: pass_all
configure:5509: checking for dlltool
configure:5539: result: no
configure:5569: checking how to associate runtime and link libraries
configure:5596: result: printf %s\n
configure:5657: checking for ar
configure:5673: found /usr/bin/ar
configure:5684: result: ar
configure:5721: checking for archiver @FILE support
configure:5738: gcc -c -g -O2 -fPIE -fstack-protector --param=ssp-buffer-size=4 -Wformat -Werror=format-security -D_FORTIFY_SOURCE=2 conftest.c >&5
configure:5738: $? = 0
configure:5741: ar cru libconftest.a @conftest.lst >&5
configure:5744: $? = 0
configure:5749: ar cru libconftest.a @conftest.lst >&5
ar: conftest.o: No such file or directory
configure:5752: $? = 1
configure:5764: result: @
configure:5822: checking for strip
configure:5838: found /usr/bin/strip
configure:5849: result: strip
configure:5921: checking for ranlib
configure:5937: found /usr/bin/ranlib
configure:5948: result: ranlib
configure:6050: checking command to parse /usr/bin/nm -B output from gcc object
configure:6170: gcc -c -g -O2 -fPIE -fstack-protector --param=ssp-buffer-size=4 -Wformat -Werror=format-security -D_FORTIFY_SOURCE=2 conftest.c >&5
configure:6173: $? = 0
configure:6177: /usr/bin/nm -B conftest.o \| sed -n -e 's/^.*[ ]\([ABCDGIRSTW][ABCDGIRSTW]*\)[ ][ ]*\([_A-Za-z][_A-Za-z0-9]*\)$/\1 \2 \2/p' | sed '/ __gnu_lto/d' \> conftest.nm
configure:6180: $? = 0
configure:6246: gcc -o conftest -g -O2 -fPIE -fstack-protector --param=ssp-buffer-size=4 -Wformat -Werror=format-security -D_FORTIFY_SOURCE=2 -Wl,-Bsymbolic-functions -fPIE -pie -Wl,-z,relro -Wl,-z,now conftest.c conftstm.o >&5
configure:6249: $? = 0
configure:6287: result: ok
configure:6324: checking for sysroot
configure:6354: result: no
configure:6431: gcc -c -g -O2 -fPIE -fstack-protector --param=ssp-buffer-size=4 -Wformat -Werror=format-security -D_FORTIFY_SOURCE=2 conftest.c >&5
configure:6434: $? = 0
configure:6610: checking for mt
configure:6626: found /bin/mt
configure:6637: result: mt
configure:6660: checking if mt is a manifest tool
configure:6666: mt '-?'
configure:6674: result: no
configure:7312: checking for ANSI C header files
configure:7332: gcc -c -g -O2 -fPIE -fstack-protector --param=ssp-buffer-size=4 -Wformat -Werror=format-security -D_FORTIFY_SOURCE=2 conftest.c >&5
configure:7332: $? = 0
configure:7405: gcc -o conftest -g -O2 -fPIE -fstack-protector --param=ssp-buffer-size=4 -Wformat -Werror=format-security -D_FORTIFY_SOURCE=2 -Wl,-Bsymbolic-functions -fPIE -pie -Wl,-z,relro -Wl,-z,now conftest.c  >&5
configure:7405: $? = 0
configure:7405: ./conftest
configure:7405: $? = 0
configure:7416: result: yes
configure:7429: checking for sys/types.h
configure:7429: gcc -c -g -O2 -fPIE -fstack-protector --param=ssp-buffer-size=4 -Wformat -Werror=format-security -D_FORTIFY_SOURCE=2 conftest.c >&5
configure:7429: $? = 0
configure:7429: result: yes
configure:7429: checking for sys/stat.h
configure:7429: gcc -c -g -O2 -fPIE -fstack-protector --param=ssp-buffer-size=4 -Wformat -Werror=format-security -D_FORTIFY_SOURCE=2 conftest.c >&5
configure:7429: $? = 0
configure:7429: result: yes
configure:7429: checking for stdlib.h
configure:7429: gcc -c -g -O2 -fPIE -fstack-protector --param=ssp-buffer-size=4 -Wformat -Werror=format-security -D_FORTIFY_SOURCE=2 conftest.c >&5
configure:7429: $? = 0
configure:7429: result: yes
configure:7429: checking for string.h
configure:7429: gcc -c -g -O2 -fPIE -fstack-protector --param=ssp-buffer-size=4 -Wformat -Werror=format-security -D_FORTIFY_SOURCE=2 conftest.c >&5
configure:7429: $? = 0
configure:7429: result: yes
configure:7429: checking for memory.h
configure:7429: gcc -c -g -O2 -fPIE -fstack-protector --param=ssp-buffer-size=4 -Wformat -Werror=format-security -D_FORTIFY_SOURCE=2 conftest.c >&5
configure:7429: $? = 0
configure:7429: result: yes
configure:7429: checking for strings.h
configure:7429: gcc -c -g -O2 -fPIE -fstack-protector --param=ssp-buffer-size=4 -Wformat -Werror=format-security -D_FORTIFY_SOURCE=2 conftest.c >&5
configure:7429: $? = 0
configure:7429: result: yes
configure:7429: checking for inttypes.h
configure:7429: gcc -c -g -O2 -fPIE -fstack-protector --param=ssp-buffer-size=4 -Wformat -Werror=format-security -D_FORTIFY_SOURCE=2 conftest.c >&5
configure:7429: $? = 0
configure:7429: result: yes
configure:7429: checking for stdint.h
configure:7429: gcc -c -g -O2 -fPIE -fstack-protector --param=ssp-buffer-size=4 -Wformat -Werror=format-security -D_FORTIFY_SOURCE=2 conftest.c >&5
configure:7429: $? = 0
configure:7429: result: yes
configure:7429: checking for unistd.h
configure:7429: gcc -c -g -O2 -fPIE -fstack-protector --param=ssp-buffer-size=4 -Wformat -Werror=format-security -D_FORTIFY_SOURCE=2 conftest.c >&5
configure:7429: $? = 0
configure:7429: result: yes
configure:7443: checking for dlfcn.h
configure:7443: gcc -c -g -O2 -fPIE -fstack-protector --param=ssp-buffer-size=4 -Wformat -Werror=format-security -D_FORTIFY_SOURCE=2 conftest.c >&5
configure:7443: $? = 0
configure:7443: result: yes
configure:7649: checking for objdir
configure:7664: result: .libs
configure:7935: checking if gcc supports -fno-rtti -fno-exceptions
configure:7953: gcc -c -g -O2 -fPIE -fstack-protector --param=ssp-buffer-size=4 -Wformat -Werror=format-security -D_FORTIFY_SOURCE=2 -fno-rtti -fno-exceptions conftest.c >&5
cc1: warning: command line option '-fno-rtti' is valid for C++/ObjC++ but not for C [enabled by default]
configure:7957: $? = 0
configure:7970: result: no
configure:8297: checking for gcc option to produce PIC
configure:8304: result: -fPIC -DPIC
configure:8312: checking if gcc PIC flag -fPIC -DPIC works
configure:8330: gcc -c -g -O2 -fPIE -fstack-protector --param=ssp-buffer-size=4 -Wformat -Werror=format-security -D_FORTIFY_SOURCE=2 -fPIC -DPIC -DPIC conftest.c >&5
configure:8334: $? = 0
configure:8347: result: yes
configure:8376: checking if gcc static flag -static works
configure:8404: result: no
configure:8419: checking if gcc supports -c -o file.o
configure:8440: gcc -c -g -O2 -fPIE -fstack-protector --param=ssp-buffer-size=4 -Wformat -Werror=format-security -D_FORTIFY_SOURCE=2 -o out/conftest2.o conftest.c >&5
configure:8444: $? = 0
configure:8466: result: yes
configure:8474: checking if gcc supports -c -o file.o
configure:8521: result: yes
configure:8554: checking whether the gcc linker (/usr/bin/ld -m elf_x86_64) supports shared libraries
configure:9711: result: yes
configure:9748: checking whether -lc should be explicitly linked in
configure:9756: gcc -c -g -O2 -fPIE -fstack-protector --param=ssp-buffer-size=4 -Wformat -Werror=format-security -D_FORTIFY_SOURCE=2 conftest.c >&5
configure:9759: $? = 0
configure:9774: gcc -shared  -fPIC -DPIC conftest.o  -v -Wl,-soname -Wl,conftest -o conftest 2\>\&1 \| /bin/grep  -lc  \>/dev/null 2\>\&1
configure:9777: $? = 0
configure:9791: result: no
configure:9951: checking dynamic linker characteristics
configure:10451: gcc -o conftest -g -O2 -fPIE -fstack-protector --param=ssp-buffer-size=4 -Wformat -Werror=format-security -D_FORTIFY_SOURCE=2 -Wl,-Bsymbolic-functions -fPIE -pie -Wl,-z,relro -Wl,-z,now -Wl,-rpath -Wl,/foo conftest.c  >&5
configure:10451: $? = 0
configure:10685: result: GNU/Linux ld.so
configure:10792: checking how to hardcode library paths into programs
configure:10817: result: immediate
configure:11357: checking whether stripping libraries is possible
configure:11362: result: yes
configure:11397: checking if libtool supports shared libraries
configure:11399: result: yes
configure:11402: checking whether to build shared libraries
configure:11423: result: yes
configure:11426: checking whether to build static libraries
configure:11430: result: no
configure:11499: checking for dovecot-config in "../"
configure:11502: result: ..//dovecot-config
configure:11551: checking whether OS supports plugin dependencies
configure:11559: result: yes
configure:12163: creating ./config.status

## ---------------------- ##
## Running config.status. ##
## ---------------------- ##

This file was extended by Pigeonhole config.status 0.4.9, which was
generated by GNU Autoconf 2.69.  Invocation command line was

  CONFIG_FILES    = 
  CONFIG_HEADERS  = 
  CONFIG_LINKS    = 
  CONFIG_COMMANDS = 
  $ ./config.status 

on mail-mastermind-100.own-mail.com

config.status:1194: creating Makefile
config.status:1194: creating doc/Makefile
config.status:1194: creating doc/man/Makefile
config.status:1194: creating doc/example-config/Makefile
config.status:1194: creating doc/example-config/conf.d/Makefile
config.status:1194: creating doc/rfc/Makefile
config.status:1194: creating doc/extensions/Makefile
config.status:1194: creating doc/locations/Makefile
config.status:1194: creating doc/plugins/Makefile
config.status:1194: creating src/Makefile
config.status:1194: creating src/lib-sieve/Makefile
config.status:1194: creating src/lib-sieve/util/Makefile
config.status:1194: creating src/lib-sieve/storage/Makefile
config.status:1194: creating src/lib-sieve/storage/file/Makefile
config.status:1194: creating src/lib-sieve/storage/dict/Makefile
config.status:1194: creating src/lib-sieve/storage/ldap/Makefile
config.status:1194: creating src/lib-sieve/plugins/Makefile
config.status:1194: creating src/lib-sieve/plugins/vacation/Makefile
config.status:1194: creating src/lib-sieve/plugins/subaddress/Makefile
config.status:1194: creating src/lib-sieve/plugins/comparator-i-ascii-numeric/Makefile
config.status:1194: creating src/lib-sieve/plugins/relational/Makefile
config.status:1194: creating src/lib-sieve/plugins/regex/Makefile
config.status:1194: creating src/lib-sieve/plugins/imap4flags/Makefile
config.status:1194: creating src/lib-sieve/plugins/copy/Makefile
config.status:1194: creating src/lib-sieve/plugins/include/Makefile
config.status:1194: creating src/lib-sieve/plugins/body/Makefile
config.status:1194: creating src/lib-sieve/plugins/variables/Makefile
config.status:1194: creating src/lib-sieve/plugins/enotify/Makefile
config.status:1194: creating src/lib-sieve/plugins/enotify/mailto/Makefile
config.status:1194: creating src/lib-sieve/plugins/notify/Makefile
config.status:1194: creating src/lib-sieve/plugins/environment/Makefile
config.status:1194: creating src/lib-sieve/plugins/mailbox/Makefile
config.status:1194: creating src/lib-sieve/plugins/date/Makefile
config.status:1194: creating src/lib-sieve/plugins/spamvirustest/Makefile
config.status:1194: creating src/lib-sieve/plugins/ihave/Makefile
config.status:1194: creating src/lib-sieve/plugins/editheader/Makefile
config.status:1194: creating src/lib-sieve/plugins/metadata/Makefile
config.status:1194: creating src/lib-sieve/plugins/duplicate/Makefile
config.status:1194: creating src/lib-sieve/plugins/index/Makefile
config.status:1194: creating src/lib-sieve/plugins/vnd.dovecot/Makefile
config.status:1194: creating src/lib-sieve/plugins/vnd.dovecot/debug/Makefile
config.status:1194: creating src/lib-sieve/plugins/vnd.dovecot/environment/Makefile
config.status:1194: creating src/lib-sieve-tool/Makefile
config.status:1194: creating src/lib-managesieve/Makefile
config.status:1194: creating src/plugins/Makefile
config.status:1194: creating src/plugins/doveadm-sieve/Makefile
config.status:1194: creating src/plugins/lda-sieve/Makefile
config.status:1194: creating src/plugins/sieve-extprograms/Makefile
config.status:1194: creating src/plugins/settings/Makefile
config.status:1194: creating src/sieve-tools/Makefile
config.status:1194: creating src/managesieve/Makefile
config.status:1194: creating src/managesieve-login/Makefile
config.status:1194: creating src/testsuite/Makefile
config.status:1194: creating stamp.h
config.status:1194: creating dummy-config.h
config.status:1194: creating pigeonhole-config.h
config.status:1423: executing depfiles commands
config.status:1423: executing libtool commands

## ---------------- ##
## Cache variables. ##
## ---------------- ##

ac_cv_build=x86_64-unknown-linux-gnu
ac_cv_c_compiler_gnu=yes
ac_cv_env_CC_set=
ac_cv_env_CC_value=
ac_cv_env_CFLAGS_set=set
ac_cv_env_CFLAGS_value='-g -O2 -fPIE -fstack-protector --param=ssp-buffer-size=4 -Wformat -Werror=format-security'
ac_cv_env_CPPFLAGS_set=set
ac_cv_env_CPPFLAGS_value=-D_FORTIFY_SOURCE=2
ac_cv_env_CPP_set=
ac_cv_env_CPP_value=
ac_cv_env_LDFLAGS_set=set
ac_cv_env_LDFLAGS_value='-Wl,-Bsymbolic-functions -fPIE -pie -Wl,-z,relro -Wl,-z,now'
ac_cv_env_LIBS_set=
ac_cv_env_LIBS_value=
ac_cv_env_build_alias_set=
ac_cv_env_build_alias_value=
ac_cv_env_host_alias_set=
ac_cv_env_host_alias_value=
ac_cv_env_target_alias_set=
ac_cv_env_target_alias_value=
ac_cv_header_dlfcn_h=yes
ac_cv_header_inttypes_h=yes
ac_cv_header_memory_h=yes
ac_cv_header_stdc=yes
ac_cv_header_stdint_h=yes
ac_cv_header_stdlib_h=yes
ac_cv_header_string_h=yes
ac_cv_header_strings_h=yes
ac_cv_header_sys_stat_h=yes
ac_cv_header_sys_types_h=yes
ac_cv_header_unistd_h=yes
ac_cv_host=x86_64-unknown-linux-gnu
ac_cv_objext=o
ac_cv_path_EGREP='/bin/grep -E'
ac_cv_path_FGREP='/bin/grep -F'
ac_cv_path_GREP=/bin/grep
ac_cv_path_SED=/bin/sed
ac_cv_path_install='/usr/bin/install -c'
ac_cv_path_mkdir=/bin/mkdir
ac_cv_prog_AWK=gawk
ac_cv_prog_CPP='gcc -E'
ac_cv_prog_ac_ct_AR=ar
ac_cv_prog_ac_ct_CC=gcc
ac_cv_prog_ac_ct_MANIFEST_TOOL=mt
ac_cv_prog_ac_ct_OBJDUMP=objdump
ac_cv_prog_ac_ct_RANLIB=ranlib
ac_cv_prog_ac_ct_STRIP=strip
ac_cv_prog_cc_c89=
ac_cv_prog_cc_g=yes
ac_cv_prog_make_make_set=yes
am_cv_CC_dependencies_compiler_type=gcc3
am_cv_prog_tar_ustar=gnutar
lt_cv_ar_at_file=@
lt_cv_archive_cmds_need_lc=no
lt_cv_deplibs_check_method=pass_all
lt_cv_file_magic_cmd='$MAGIC_CMD'
lt_cv_file_magic_test_file=
lt_cv_ld_reload_flag=-r
lt_cv_nm_interface='BSD nm'
lt_cv_objdir=.libs
lt_cv_path_LD=/usr/bin/ld
lt_cv_path_NM='/usr/bin/nm -B'
lt_cv_path_mainfest_tool=no
lt_cv_prog_compiler_c_o=yes
lt_cv_prog_compiler_pic='-fPIC -DPIC'
lt_cv_prog_compiler_pic_works=yes
lt_cv_prog_compiler_rtti_exceptions=no
lt_cv_prog_compiler_static_works=no
lt_cv_prog_gnu_ld=yes
lt_cv_sharedlib_from_linklib_cmd='printf %s\n'
lt_cv_shlibpath_overrides_runpath=no
lt_cv_sys_global_symbol_pipe='sed -n -e '\''s/^.*[	 ]\([ABCDGIRSTW][ABCDGIRSTW]*\)[	 ][	 ]*\([_A-Za-z][_A-Za-z0-9]*\)$/\1 \2 \2/p'\'' | sed '\''/ __gnu_lto/d'\'''
lt_cv_sys_global_symbol_to_c_name_address='sed -n -e '\''s/^: \([^ ]*\)[ ]*$/  {\"\1\", (void *) 0},/p'\'' -e '\''s/^[ABCDGIRSTW]* \([^ ]*\) \([^ ]*\)$/  {"\2", (void *) \&\2},/p'\'''
lt_cv_sys_global_symbol_to_c_name_address_lib_prefix='sed -n -e '\''s/^: \([^ ]*\)[ ]*$/  {\"\1\", (void *) 0},/p'\'' -e '\''s/^[ABCDGIRSTW]* \([^ ]*\) \(lib[^ ]*\)$/  {"\2", (void *) \&\2},/p'\'' -e '\''s/^[ABCDGIRSTW]* \([^ ]*\) \([^ ]*\)$/  {"lib\2", (void *) \&\2},/p'\'''
lt_cv_sys_global_symbol_to_cdecl='sed -n -e '\''s/^T .* \(.*\)$/extern int \1();/p'\'' -e '\''s/^[ABCDGIRSTW]* .* \(.*\)$/extern char \1;/p'\'''
lt_cv_sys_max_cmd_len=3458764513820540925
lt_cv_to_host_file_cmd=func_convert_file_noop
lt_cv_to_tool_file_cmd=func_convert_file_noop

## ----------------- ##
## Output variables. ##
## ----------------- ##

ACLOCAL='${SHELL} /build-src/src/dovecot-2.2.19/pigeonhole/missing --run aclocal-1.11'
AMDEPBACKSLASH='\'
AMDEP_FALSE='#'
AMDEP_TRUE=''
AMTAR='$${TAR-tar}'
AR='ar'
AUTOCONF='${SHELL} /build-src/src/dovecot-2.2.19/pigeonhole/missing --run autoconf'
AUTOHEADER='${SHELL} /build-src/src/dovecot-2.2.19/pigeonhole/missing --run autoheader'
AUTOMAKE='${SHELL} /build-src/src/dovecot-2.2.19/pigeonhole/missing --run automake-1.11'
AWK='gawk'
BUILD_DOCS_FALSE='#'
BUILD_DOCS_TRUE=''
BUILD_MANAGESIEVE_FALSE='#'
BUILD_MANAGESIEVE_TRUE=''
BUILD_UNFINISHED_FALSE=''
BUILD_UNFINISHED_TRUE='#'
CC='gcc'
CCDEPMODE='depmode=gcc3'
CFLAGS='-std=gnu99 -g -O2 -fPIE -fstack-protector --param=ssp-buffer-size=4 -Wformat -Werror=format-security -Wall -W -Wmissing-prototypes -Wmissing-declarations -Wpointer-arith -Wchar-subscripts -Wformat=2 -Wbad-function-cast -fno-builtin-strftime -Wstrict-aliasing=2  -I$(top_srcdir)'
CPP='gcc -E'
CPPFLAGS='-D_FORTIFY_SOURCE=2'
CYGPATH_W='echo'
DEFS='-DHAVE_CONFIG_H'
DEPDIR='.deps'
DISTCHECK_CONFIGURE_FLAGS='--with-dovecot=/build-src/src/dovecot-2.2.19 --without-dovecot-install-dirs'
DLLTOOL='false'
DOVECOT_CFLAGS='-std=gnu99 -g -O2 -fPIE -fstack-protector --param=ssp-buffer-size=4 -Wformat -Werror=format-security -Wall -W -Wmissing-prototypes -Wmissing-declarations -Wpointer-arith -Wchar-subscripts -Wformat=2 -Wbad-function-cast -fno-builtin-strftime -Wstrict-aliasing=2 '
DOVECOT_COMPRESS_LIBS=' -lz -lbz2 -llzma'
DOVECOT_LIBS=''
DOVECOT_PLUGIN_DEPS_FALSE='#'
DOVECOT_PLUGIN_DEPS_TRUE=''
DOVECOT_SQL_LIBS=''
DOVECOT_SSL_LIBS='-lssl -lcrypto '
DSYMUTIL=''
DUMPBIN=''
ECHO_C=''
ECHO_N='-n'
ECHO_T=''
EGREP='/bin/grep -E'
EXEEXT=''
FGREP='/bin/grep -F'
GREP='/bin/grep'
INSTALL_DATA='${INSTALL} -m 644'
INSTALL_PROGRAM='${INSTALL}'
INSTALL_SCRIPT='${INSTALL}'
INSTALL_STRIP_PROGRAM='$(install_sh) -c -s'
LD='/usr/bin/ld -m elf_x86_64'
LDAP_LIBS=''
LDAP_PLUGIN_FALSE=''
LDAP_PLUGIN_TRUE='#'
LDFLAGS='-Wl,-Bsymbolic-functions -fPIE -pie -Wl,-z,relro -Wl,-z,now'
LIBDOVECOT='/build-src/src/dovecot-2.2.19/src/lib-dovecot/libdovecot.la -export-dynamic -ldl'
LIBDOVECOT_COMPRESS='/build-src/src/dovecot-2.2.19/src/lib-compression/libcompression.la'
LIBDOVECOT_COMPRESS_DEPS='/build-src/src/dovecot-2.2.19/src/lib-compression/libcompression.la'
LIBDOVECOT_CONFIG_INCLUDE='-I/build-src/src/dovecot-2.2.19/src/config'
LIBDOVECOT_DEPS='/build-src/src/dovecot-2.2.19/src/lib-dovecot/libdovecot.la'
LIBDOVECOT_DOVEADM_INCLUDE='-I/build-src/src/dovecot-2.2.19/src/doveadm'
LIBDOVECOT_IMAP_INCLUDE='-I/build-src/src/dovecot-2.2.19/src/imap'
LIBDOVECOT_INCLUDE='-I/build-src/src/dovecot-2.2.19 -I/build-src/src/dovecot-2.2.19/src/lib -I/build-src/src/dovecot-2.2.19/src/lib-dict -I/build-src/src/dovecot-2.2.19/src/lib-dns -I/build-src/src/dovecot-2.2.19/src/lib-http -I/build-src/src/dovecot-2.2.19/src/lib-mail -I/build-src/src/dovecot-2.2.19/src/lib-imap -I/build-src/src/dovecot-2.2.19/src/lib-fs -I/build-src/src/dovecot-2.2.19/src/lib-charset -I/build-src/src/dovecot-2.2.19/src/lib-auth -I/build-src/src/dovecot-2.2.19/src/lib-master -I/build-src/src/dovecot-2.2.19/src/lib-ssl-iostream -I/build-src/src/dovecot-2.2.19/src/lib-compression -I/build-src/src/dovecot-2.2.19/src/lib-settings -I/build-src/src/dovecot-2.2.19/src/lib-test -I/build-src/src/dovecot-2.2.19/src/lib-sasl -I/build-src/src/dovecot-2.2.19/src/lib-stats -I/build-src/src/dovecot-2.2.19/src/lib-index -I/build-src/src/dovecot-2.2.19/src/lib-storage -I/build-src/src/dovecot-2.2.19/src/lib-storage/list -I/build-src/src/dovecot-2.2.19/src/lib-storage/index -I/build-src/src/dovecot-2.2.19/src/lib-storage/index/raw -I/build-src/src/dovecot-2.2.19/src/lib-imap-storage -I/build-src/src/dovecot-2.2.19/src/plugins/quota'
LIBDOVECOT_LDA='/build-src/src/dovecot-2.2.19/src/lib-lda/libdovecot-lda.la'
LIBDOVECOT_LDA_DEPS='/build-src/src/dovecot-2.2.19/src/lib-lda/libdovecot-lda.la'
LIBDOVECOT_LDA_INCLUDE='-I/build-src/src/dovecot-2.2.19/src/lib-lda -I/build-src/src/dovecot-2.2.19/src/lda'
LIBDOVECOT_LOGIN='/build-src/src/dovecot-2.2.19/src/login-common/libdovecot-login.la -lssl -lcrypto '
LIBDOVECOT_LOGIN_DEPS='/build-src/src/dovecot-2.2.19/src/login-common/libdovecot-login.la'
LIBDOVECOT_LOGIN_INCLUDE='-I/build-src/src/dovecot-2.2.19/src/login-common'
LIBDOVECOT_SERVICE_INCLUDE=''
LIBDOVECOT_SQL='/build-src/src/dovecot-2.2.19/src/lib-sql/libsql.la'
LIBDOVECOT_SQL_DEPS='/build-src/src/dovecot-2.2.19/src/lib-sql/libsql.la'
LIBDOVECOT_SSL=''
LIBDOVECOT_SSL_DEPS=''
LIBDOVECOT_STORAGE='/build-src/src/dovecot-2.2.19/src/lib-storage/libdovecot-storage.la /build-src/src/dovecot-2.2.19/src/lib-imap-storage/libimap-storage.la'
LIBDOVECOT_STORAGE_DEPS='/build-src/src/dovecot-2.2.19/src/lib-storage/libdovecot-storage.la /build-src/src/dovecot-2.2.19/src/lib-imap-storage/libimap-storage.la'
LIBDOVECOT_STORAGE_INCLUDE='-I/build-src/src/dovecot-2.2.19/src/lib-index -I/build-src/src/dovecot-2.2.19/src/lib-storage -I/build-src/src/dovecot-2.2.19/src/lib-storage/list -I/build-src/src/dovecot-2.2.19/src/lib-storage/index -I/build-src/src/dovecot-2.2.19/src/lib-storage/index/raw -I/build-src/src/dovecot-2.2.19/src/lib-imap-storage -I/build-src/src/dovecot-2.2.19/src/plugins/quota'
LIBOBJS=''
LIBS=''
LIBTOOL='$(SHELL) $(top_builddir)/libtool'
LIPO=''
LN_S='ln -s'
LTLIBOBJS=''
MAINT='#'
MAINTAINER_MODE_FALSE=''
MAINTAINER_MODE_TRUE='#'
MAKEINFO='${SHELL} /build-src/src/dovecot-2.2.19/pigeonhole/missing --run makeinfo'
MANIFEST_TOOL=':'
MKDIR_P='/bin/mkdir -p'
NM='/usr/bin/nm -B'
NMEDIT=''
OBJDUMP='objdump'
OBJEXT='o'
OTOOL64=''
OTOOL=''
PACKAGE='dovecot-2.2-pigeonhole'
PACKAGE_BUGREPORT='dovecot@dovecot.org'
PACKAGE_NAME='Pigeonhole'
PACKAGE_STRING='Pigeonhole 0.4.9'
PACKAGE_TARNAME='dovecot-2.2-pigeonhole'
PACKAGE_URL=''
PACKAGE_VERSION='0.4.9'
PATH_SEPARATOR=':'
RANLIB='ranlib'
SED='/bin/sed'
SET_MAKE=''
SHELL='/bin/bash'
STRIP='strip'
TESTSUITE_VALGRIND_FALSE=''
TESTSUITE_VALGRIND_TRUE='#'
VERSION='0.4.9'
ac_ct_AR='ar'
ac_ct_CC='gcc'
ac_ct_DUMPBIN=''
am__EXEEXT_FALSE=''
am__EXEEXT_TRUE='#'
am__fastdepCC_FALSE='#'
am__fastdepCC_TRUE=''
am__include='include'
am__isrc=''
am__leading_dot='.'
am__nodep='_no'
am__quote=''
am__tar='tar --format=ustar -chf - "$$tardir"'
am__untar='tar -xf -'
bindir='${exec_prefix}/bin'
build='x86_64-unknown-linux-gnu'
build_alias=''
build_cpu='x86_64'
build_os='linux-gnu'
build_vendor='unknown'
datadir='${datarootdir}'
datarootdir='${prefix}/share'
docdir='${datarootdir}/doc/${PACKAGE_TARNAME}'
dovecot_docdir='/usr/share/doc/dovecot'
dovecot_moduledir='/usr/lib/dovecot/modules'
dovecot_pkgincludedir='/usr/include/dovecot'
dovecot_pkglibdir='/usr/lib/dovecot'
dovecot_pkglibexecdir='/usr/lib/dovecot'
dovecotdir='../'
dvidir='${docdir}'
exec_prefix='${prefix}'
host='x86_64-unknown-linux-gnu'
host_alias=''
host_cpu='x86_64'
host_os='linux-gnu'
host_vendor='unknown'
htmldir='${docdir}'
includedir='${prefix}/include'
infodir='${prefix}/share/info'
install_sh='${SHELL} /build-src/src/dovecot-2.2.19/pigeonhole/install-sh'
libdir='${exec_prefix}/lib'
libexecdir='${prefix}/lib'
localedir='${datarootdir}/locale'
localstatedir='${prefix}/var'
mandir='${prefix}/share/man'
mkdir_p='/bin/mkdir -p'
moduledir='${exec_prefix}/lib/dovecot'
oldincludedir='/usr/include'
pdfdir='${docdir}'
prefix='/usr'
program_transform_name='s,x,x,'
psdir='${docdir}'
sbindir='${exec_prefix}/sbin'
sharedstatedir='${prefix}/com'
sieve_docdir='${dovecot_docdir}/sieve'
sysconfdir='/etc'
target_alias=''

## ----------- ##
## confdefs.h. ##
## ----------- ##

/* confdefs.h */
#define PACKAGE_NAME "Pigeonhole"
#define PACKAGE_TARNAME "dovecot-2.2-pigeonhole"
#define PACKAGE_VERSION "0.4.9"
#define PACKAGE_STRING "Pigeonhole 0.4.9"
#define PACKAGE_BUGREPORT "dovecot@dovecot.org"
#define PACKAGE_URL ""
#define PIGEONHOLE_ABI_VERSION "0.4.ABIv1(0.4.9)"
#define PIGEONHOLE_NAME "Pigeonhole"
#define PIGEONHOLE_VERSION "0.4.9"
#define STDC_HEADERS 1
#define HAVE_SYS_TYPES_H 1
#define HAVE_SYS_STAT_H 1
#define HAVE_STDLIB_H 1
#define HAVE_STRING_H 1
#define HAVE_MEMORY_H 1
#define HAVE_STRINGS_H 1
#define HAVE_INTTYPES_H 1
#define HAVE_STDINT_H 1
#define HAVE_UNISTD_H 1
#define HAVE_DLFCN_H 1
#define LT_OBJDIR ".libs/"

configure: exit 0
