dh_autotools-dev_updateconfig
dh_installdirs
dh_installdocs
dh_installexamples
dh_installpam
dh_systemd_enable
dh_installinit
dh_systemd_start
dh_installman
dh_installman
dh_installdebconf
dh_bugfiles
dh_lintian
dh_installchangelogs
dh_link
dh_strip
dh_compress
dh_fixperms
dh_makeshlibs
dh_installdeb
dh_shlibdeps
dh_gencontrol
dh_md5sums
dh_builddeb
dh_builddeb
dh_builddeb
dh_builddeb
dh_builddeb
dh_builddeb
dh_builddeb
dh_builddeb
dh_builddeb
dh_builddeb
dh_builddeb
dh_builddeb
dh_builddeb
dh_builddeb
dh_builddeb
